<?xml version="1.0" encoding="UTF-8"?>
<!-- Generated by org.testng.reporters.JUnitReportReporter -->
<testsuite hostname="Sadans-iMac.local" failures="0" tests="1" name="testNgCostco.CostcoBasic" time="6.856" errors="0" timestamp="2023-10-27T19:48:42 CDT" skipped="0">
  <testcase classname="testNgCostco.CostcoBasic" name="Costco" time="6.856"/>
  <system-out/>
</testsuite> <!-- testNgCostco.CostcoBasic -->
